2019-02-14 10:18:52,149 WARN  [main] util.NativeCodeLoader (NativeCodeLoader.java:<clinit>(62)) - Unable to load native-hadoop library for your platform... using builtin-java classes where applicable
2019-02-14 10:18:52,417 INFO  [main] Configuration.deprecation (Configuration.java:warnOnceIfDeprecated(1049)) - session.id is deprecated. Instead, use dfs.metrics.session-id
2019-02-14 10:18:52,419 INFO  [main] jvm.JvmMetrics (JvmMetrics.java:init(76)) - Initializing JVM Metrics with processName=JobTracker, sessionId=
2019-02-14 10:18:52,730 WARN  [main] mapreduce.JobSubmitter (JobSubmitter.java:copyAndConfigureFiles(153)) - Hadoop command-line option parsing not performed. Implement the Tool interface and execute your application with ToolRunner to remedy this.
2019-02-14 10:18:52,775 INFO  [main] input.FileInputFormat (FileInputFormat.java:listStatus(281)) - Total input paths to process : 1
2019-02-14 10:18:52,808 INFO  [main] mapreduce.JobSubmitter (JobSubmitter.java:submitJobInternal(494)) - number of splits:5
2019-02-14 10:18:52,951 INFO  [main] mapreduce.JobSubmitter (JobSubmitter.java:printTokens(583)) - Submitting tokens for job: job_local869881237_0001
2019-02-14 10:18:53,333 INFO  [main] mapreduce.Job (Job.java:submit(1300)) - The url to track the job: http://localhost:8080/
2019-02-14 10:18:53,334 INFO  [main] mapreduce.Job (Job.java:monitorAndPrintJob(1345)) - Running job: job_local869881237_0001
2019-02-14 10:18:53,337 INFO  [Thread-13] mapred.LocalJobRunner (LocalJobRunner.java:createOutputCommitter(471)) - OutputCommitter set in config null
2019-02-14 10:18:53,355 INFO  [Thread-13] mapred.LocalJobRunner (LocalJobRunner.java:createOutputCommitter(489)) - OutputCommitter is org.apache.hadoop.mapreduce.lib.output.FileOutputCommitter
2019-02-14 10:18:53,468 INFO  [Thread-13] mapred.LocalJobRunner (LocalJobRunner.java:runTasks(448)) - Waiting for map tasks
2019-02-14 10:18:53,469 INFO  [LocalJobRunner Map Task Executor #0] mapred.LocalJobRunner (LocalJobRunner.java:run(224)) - Starting task: attempt_local869881237_0001_m_000000_0
2019-02-14 10:18:53,515 INFO  [LocalJobRunner Map Task Executor #0] mapred.Task (Task.java:initialize(587)) -  Using ResourceCalculatorProcessTree : [ ]
2019-02-14 10:18:53,517 INFO  [LocalJobRunner Map Task Executor #0] mapred.MapTask (MapTask.java:runNewMapper(753)) - Processing split: file:/home/neerja/project1/large-graph.txt:0+33554432
2019-02-14 10:18:53,677 INFO  [LocalJobRunner Map Task Executor #0] mapred.MapTask (MapTask.java:setEquator(1202)) - (EQUATOR) 0 kvi 26214396(104857584)
2019-02-14 10:18:53,689 INFO  [LocalJobRunner Map Task Executor #0] mapred.MapTask (MapTask.java:init(995)) - mapreduce.task.io.sort.mb: 100
2019-02-14 10:18:53,689 INFO  [LocalJobRunner Map Task Executor #0] mapred.MapTask (MapTask.java:init(996)) - soft limit at 83886080
2019-02-14 10:18:53,689 INFO  [LocalJobRunner Map Task Executor #0] mapred.MapTask (MapTask.java:init(997)) - bufstart = 0; bufvoid = 104857600
2019-02-14 10:18:53,689 INFO  [LocalJobRunner Map Task Executor #0] mapred.MapTask (MapTask.java:init(998)) - kvstart = 26214396; length = 6553600
2019-02-14 10:18:53,703 INFO  [LocalJobRunner Map Task Executor #0] mapred.MapTask (MapTask.java:createSortingCollector(402)) - Map output collector class = org.apache.hadoop.mapred.MapTask$MapOutputBuffer
2019-02-14 10:18:54,335 INFO  [main] mapreduce.Job (Job.java:monitorAndPrintJob(1366)) - Job job_local869881237_0001 running in uber mode : false
2019-02-14 10:18:54,337 INFO  [main] mapreduce.Job (Job.java:monitorAndPrintJob(1373)) -  map 0% reduce 0%
2019-02-14 10:18:59,533 INFO  [communication thread] mapred.LocalJobRunner (LocalJobRunner.java:statusUpdate(591)) - map > map
2019-02-14 10:19:00,433 INFO  [main] mapreduce.Job (Job.java:monitorAndPrintJob(1373)) -  map 1% reduce 0%
2019-02-14 10:19:02,538 INFO  [communication thread] mapred.LocalJobRunner (LocalJobRunner.java:statusUpdate(591)) - map > map
2019-02-14 10:19:03,434 INFO  [main] mapreduce.Job (Job.java:monitorAndPrintJob(1373)) -  map 2% reduce 0%
2019-02-14 10:19:05,539 INFO  [communication thread] mapred.LocalJobRunner (LocalJobRunner.java:statusUpdate(591)) - map > map
2019-02-14 10:19:06,435 INFO  [main] mapreduce.Job (Job.java:monitorAndPrintJob(1373)) -  map 3% reduce 0%
2019-02-14 10:19:08,540 INFO  [communication thread] mapred.LocalJobRunner (LocalJobRunner.java:statusUpdate(591)) - map > map
2019-02-14 10:19:09,436 INFO  [main] mapreduce.Job (Job.java:monitorAndPrintJob(1373)) -  map 4% reduce 0%
2019-02-14 10:19:11,541 INFO  [communication thread] mapred.LocalJobRunner (LocalJobRunner.java:statusUpdate(591)) - map > map
2019-02-14 10:19:12,440 INFO  [main] mapreduce.Job (Job.java:monitorAndPrintJob(1373)) -  map 5% reduce 0%
2019-02-14 10:19:14,542 INFO  [communication thread] mapred.LocalJobRunner (LocalJobRunner.java:statusUpdate(591)) - map > map
2019-02-14 10:19:15,441 INFO  [main] mapreduce.Job (Job.java:monitorAndPrintJob(1373)) -  map 6% reduce 0%
2019-02-14 10:19:17,542 INFO  [communication thread] mapred.LocalJobRunner (LocalJobRunner.java:statusUpdate(591)) - map > map
2019-02-14 10:19:18,442 INFO  [main] mapreduce.Job (Job.java:monitorAndPrintJob(1373)) -  map 7% reduce 0%
2019-02-14 10:19:20,543 INFO  [communication thread] mapred.LocalJobRunner (LocalJobRunner.java:statusUpdate(591)) - map > map
2019-02-14 10:19:23,544 INFO  [communication thread] mapred.LocalJobRunner (LocalJobRunner.java:statusUpdate(591)) - map > map
2019-02-14 10:19:24,447 INFO  [main] mapreduce.Job (Job.java:monitorAndPrintJob(1373)) -  map 8% reduce 0%
2019-02-14 10:19:26,544 INFO  [communication thread] mapred.LocalJobRunner (LocalJobRunner.java:statusUpdate(591)) - map > map
2019-02-14 10:19:27,448 INFO  [main] mapreduce.Job (Job.java:monitorAndPrintJob(1373)) -  map 9% reduce 0%
2019-02-14 10:19:29,545 INFO  [communication thread] mapred.LocalJobRunner (LocalJobRunner.java:statusUpdate(591)) - map > map
2019-02-14 10:19:30,449 INFO  [main] mapreduce.Job (Job.java:monitorAndPrintJob(1373)) -  map 10% reduce 0%
2019-02-14 10:19:32,546 INFO  [communication thread] mapred.LocalJobRunner (LocalJobRunner.java:statusUpdate(591)) - map > map
2019-02-14 10:19:33,450 INFO  [main] mapreduce.Job (Job.java:monitorAndPrintJob(1373)) -  map 11% reduce 0%
2019-02-14 10:19:35,546 INFO  [communication thread] mapred.LocalJobRunner (LocalJobRunner.java:statusUpdate(591)) - map > map
2019-02-14 10:19:36,451 INFO  [main] mapreduce.Job (Job.java:monitorAndPrintJob(1373)) -  map 12% reduce 0%
2019-02-14 10:19:38,547 INFO  [communication thread] mapred.LocalJobRunner (LocalJobRunner.java:statusUpdate(591)) - map > map
2019-02-14 10:19:39,187 INFO  [LocalJobRunner Map Task Executor #0] mapred.LocalJobRunner (LocalJobRunner.java:statusUpdate(591)) - map > map
2019-02-14 10:19:39,188 INFO  [LocalJobRunner Map Task Executor #0] mapred.MapTask (MapTask.java:flush(1457)) - Starting flush of map output
2019-02-14 10:19:39,188 INFO  [LocalJobRunner Map Task Executor #0] mapred.MapTask (MapTask.java:flush(1475)) - Spilling map output
2019-02-14 10:19:39,188 INFO  [LocalJobRunner Map Task Executor #0] mapred.MapTask (MapTask.java:flush(1476)) - bufstart = 0; bufend = 19066384; bufvoid = 104857600
2019-02-14 10:19:39,188 INFO  [LocalJobRunner Map Task Executor #0] mapred.MapTask (MapTask.java:flush(1478)) - kvstart = 26214396(104857584); kvend = 16681208(66724832); length = 9533189/6553600
2019-02-14 10:19:39,468 INFO  [main] mapreduce.Job (Job.java:monitorAndPrintJob(1373)) -  map 13% reduce 0%
2019-02-14 10:19:41,548 INFO  [communication thread] mapred.LocalJobRunner (LocalJobRunner.java:statusUpdate(591)) - map > sort
2019-02-14 10:19:42,243 INFO  [LocalJobRunner Map Task Executor #0] mapred.MapTask (MapTask.java:sortAndSpill(1660)) - Finished spill 0
2019-02-14 10:19:42,246 INFO  [LocalJobRunner Map Task Executor #0] mapred.Task (Task.java:done(1001)) - Task:attempt_local869881237_0001_m_000000_0 is done. And is in the process of committing
2019-02-14 10:19:42,256 INFO  [LocalJobRunner Map Task Executor #0] mapred.LocalJobRunner (LocalJobRunner.java:statusUpdate(591)) - map
2019-02-14 10:19:42,256 INFO  [LocalJobRunner Map Task Executor #0] mapred.Task (Task.java:sendDone(1121)) - Task 'attempt_local869881237_0001_m_000000_0' done.
2019-02-14 10:19:42,256 INFO  [LocalJobRunner Map Task Executor #0] mapred.LocalJobRunner (LocalJobRunner.java:run(249)) - Finishing task: attempt_local869881237_0001_m_000000_0
2019-02-14 10:19:42,256 INFO  [LocalJobRunner Map Task Executor #0] mapred.LocalJobRunner (LocalJobRunner.java:run(224)) - Starting task: attempt_local869881237_0001_m_000001_0
2019-02-14 10:19:42,257 INFO  [LocalJobRunner Map Task Executor #0] mapred.Task (Task.java:initialize(587)) -  Using ResourceCalculatorProcessTree : [ ]
2019-02-14 10:19:42,264 INFO  [LocalJobRunner Map Task Executor #0] mapred.MapTask (MapTask.java:runNewMapper(753)) - Processing split: file:/home/neerja/project1/large-graph.txt:33554432+33554432
2019-02-14 10:19:42,281 INFO  [LocalJobRunner Map Task Executor #0] mapred.MapTask (MapTask.java:setEquator(1202)) - (EQUATOR) 0 kvi 26214396(104857584)
2019-02-14 10:19:42,281 INFO  [LocalJobRunner Map Task Executor #0] mapred.MapTask (MapTask.java:init(995)) - mapreduce.task.io.sort.mb: 100
2019-02-14 10:19:42,281 INFO  [LocalJobRunner Map Task Executor #0] mapred.MapTask (MapTask.java:init(996)) - soft limit at 83886080
2019-02-14 10:19:42,281 INFO  [LocalJobRunner Map Task Executor #0] mapred.MapTask (MapTask.java:init(997)) - bufstart = 0; bufvoid = 104857600
2019-02-14 10:19:42,281 INFO  [LocalJobRunner Map Task Executor #0] mapred.MapTask (MapTask.java:init(998)) - kvstart = 26214396; length = 6553600
2019-02-14 10:19:42,283 INFO  [LocalJobRunner Map Task Executor #0] mapred.MapTask (MapTask.java:createSortingCollector(402)) - Map output collector class = org.apache.hadoop.mapred.MapTask$MapOutputBuffer
2019-02-14 10:19:42,470 INFO  [main] mapreduce.Job (Job.java:monitorAndPrintJob(1373)) -  map 100% reduce 0%
2019-02-14 10:19:48,351 INFO  [communication thread] mapred.LocalJobRunner (LocalJobRunner.java:statusUpdate(591)) - map > map
2019-02-14 10:19:48,480 INFO  [main] mapreduce.Job (Job.java:monitorAndPrintJob(1373)) -  map 22% reduce 0%
2019-02-14 10:19:51,352 INFO  [communication thread] mapred.LocalJobRunner (LocalJobRunner.java:statusUpdate(591)) - map > map
2019-02-14 10:19:51,482 INFO  [main] mapreduce.Job (Job.java:monitorAndPrintJob(1373)) -  map 23% reduce 0%
2019-02-14 10:19:54,353 INFO  [communication thread] mapred.LocalJobRunner (LocalJobRunner.java:statusUpdate(591)) - map > map
2019-02-14 10:19:57,353 INFO  [communication thread] mapred.LocalJobRunner (LocalJobRunner.java:statusUpdate(591)) - map > map
2019-02-14 10:19:57,484 INFO  [main] mapreduce.Job (Job.java:monitorAndPrintJob(1373)) -  map 24% reduce 0%
2019-02-14 10:20:00,370 INFO  [communication thread] mapred.LocalJobRunner (LocalJobRunner.java:statusUpdate(591)) - map > map
2019-02-14 10:20:00,485 INFO  [main] mapreduce.Job (Job.java:monitorAndPrintJob(1373)) -  map 25% reduce 0%
2019-02-14 10:20:03,379 INFO  [communication thread] mapred.LocalJobRunner (LocalJobRunner.java:statusUpdate(591)) - map > map
2019-02-14 10:20:03,486 INFO  [main] mapreduce.Job (Job.java:monitorAndPrintJob(1373)) -  map 26% reduce 0%
2019-02-14 10:20:06,380 INFO  [communication thread] mapred.LocalJobRunner (LocalJobRunner.java:statusUpdate(591)) - map > map
2019-02-14 10:20:06,487 INFO  [main] mapreduce.Job (Job.java:monitorAndPrintJob(1373)) -  map 27% reduce 0%
2019-02-14 10:20:09,382 INFO  [communication thread] mapred.LocalJobRunner (LocalJobRunner.java:statusUpdate(591)) - map > map
2019-02-14 10:20:09,488 INFO  [main] mapreduce.Job (Job.java:monitorAndPrintJob(1373)) -  map 28% reduce 0%
2019-02-14 10:20:12,382 INFO  [communication thread] mapred.LocalJobRunner (LocalJobRunner.java:statusUpdate(591)) - map > map
2019-02-14 10:20:12,502 INFO  [main] mapreduce.Job (Job.java:monitorAndPrintJob(1373)) -  map 29% reduce 0%
2019-02-14 10:20:15,383 INFO  [communication thread] mapred.LocalJobRunner (LocalJobRunner.java:statusUpdate(591)) - map > map
2019-02-14 10:20:15,503 INFO  [main] mapreduce.Job (Job.java:monitorAndPrintJob(1373)) -  map 30% reduce 0%
2019-02-14 10:20:18,384 INFO  [communication thread] mapred.LocalJobRunner (LocalJobRunner.java:statusUpdate(591)) - map > map
2019-02-14 10:20:18,504 INFO  [main] mapreduce.Job (Job.java:monitorAndPrintJob(1373)) -  map 31% reduce 0%
2019-02-14 10:20:21,387 INFO  [communication thread] mapred.LocalJobRunner (LocalJobRunner.java:statusUpdate(591)) - map > map
2019-02-14 10:20:21,517 INFO  [main] mapreduce.Job (Job.java:monitorAndPrintJob(1373)) -  map 32% reduce 0%
2019-02-14 10:20:24,388 INFO  [communication thread] mapred.LocalJobRunner (LocalJobRunner.java:statusUpdate(591)) - map > map
2019-02-14 10:20:24,523 INFO  [main] mapreduce.Job (Job.java:monitorAndPrintJob(1373)) -  map 33% reduce 0%
2019-02-14 10:20:26,020 INFO  [LocalJobRunner Map Task Executor #0] mapred.LocalJobRunner (LocalJobRunner.java:statusUpdate(591)) - map > map
2019-02-14 10:20:26,021 INFO  [LocalJobRunner Map Task Executor #0] mapred.MapTask (MapTask.java:flush(1457)) - Starting flush of map output
2019-02-14 10:20:26,021 INFO  [LocalJobRunner Map Task Executor #0] mapred.MapTask (MapTask.java:flush(1475)) - Spilling map output
2019-02-14 10:20:26,021 INFO  [LocalJobRunner Map Task Executor #0] mapred.MapTask (MapTask.java:flush(1476)) - bufstart = 0; bufend = 19065936; bufvoid = 104857600
2019-02-14 10:20:26,021 INFO  [LocalJobRunner Map Task Executor #0] mapred.MapTask (MapTask.java:flush(1478)) - kvstart = 26214396(104857584); kvend = 16681432(66725728); length = 9532965/6553600
2019-02-14 10:20:27,395 INFO  [communication thread] mapred.LocalJobRunner (LocalJobRunner.java:statusUpdate(591)) - map > sort
2019-02-14 10:20:28,843 INFO  [LocalJobRunner Map Task Executor #0] mapred.MapTask (MapTask.java:sortAndSpill(1660)) - Finished spill 0
2019-02-14 10:20:28,845 INFO  [LocalJobRunner Map Task Executor #0] mapred.Task (Task.java:done(1001)) - Task:attempt_local869881237_0001_m_000001_0 is done. And is in the process of committing
2019-02-14 10:20:28,866 INFO  [LocalJobRunner Map Task Executor #0] mapred.LocalJobRunner (LocalJobRunner.java:statusUpdate(591)) - map
2019-02-14 10:20:28,866 INFO  [LocalJobRunner Map Task Executor #0] mapred.Task (Task.java:sendDone(1121)) - Task 'attempt_local869881237_0001_m_000001_0' done.
2019-02-14 10:20:28,866 INFO  [LocalJobRunner Map Task Executor #0] mapred.LocalJobRunner (LocalJobRunner.java:run(249)) - Finishing task: attempt_local869881237_0001_m_000001_0
2019-02-14 10:20:28,866 INFO  [LocalJobRunner Map Task Executor #0] mapred.LocalJobRunner (LocalJobRunner.java:run(224)) - Starting task: attempt_local869881237_0001_m_000002_0
2019-02-14 10:20:28,867 INFO  [LocalJobRunner Map Task Executor #0] mapred.Task (Task.java:initialize(587)) -  Using ResourceCalculatorProcessTree : [ ]
2019-02-14 10:20:28,868 INFO  [LocalJobRunner Map Task Executor #0] mapred.MapTask (MapTask.java:runNewMapper(753)) - Processing split: file:/home/neerja/project1/large-graph.txt:67108864+33554432
2019-02-14 10:20:28,896 INFO  [LocalJobRunner Map Task Executor #0] mapred.MapTask (MapTask.java:setEquator(1202)) - (EQUATOR) 0 kvi 26214396(104857584)
2019-02-14 10:20:28,896 INFO  [LocalJobRunner Map Task Executor #0] mapred.MapTask (MapTask.java:init(995)) - mapreduce.task.io.sort.mb: 100
2019-02-14 10:20:28,896 INFO  [LocalJobRunner Map Task Executor #0] mapred.MapTask (MapTask.java:init(996)) - soft limit at 83886080
2019-02-14 10:20:28,896 INFO  [LocalJobRunner Map Task Executor #0] mapred.MapTask (MapTask.java:init(997)) - bufstart = 0; bufvoid = 104857600
2019-02-14 10:20:28,897 INFO  [LocalJobRunner Map Task Executor #0] mapred.MapTask (MapTask.java:init(998)) - kvstart = 26214396; length = 6553600
2019-02-14 10:20:28,897 INFO  [LocalJobRunner Map Task Executor #0] mapred.MapTask (MapTask.java:createSortingCollector(402)) - Map output collector class = org.apache.hadoop.mapred.MapTask$MapOutputBuffer
2019-02-14 10:20:30,040 INFO  [main] mapreduce.Job (Job.java:monitorAndPrintJob(1373)) -  map 100% reduce 0%
2019-02-14 10:20:34,901 INFO  [communication thread] mapred.LocalJobRunner (LocalJobRunner.java:statusUpdate(591)) - map > map
2019-02-14 10:20:35,042 INFO  [main] mapreduce.Job (Job.java:monitorAndPrintJob(1373)) -  map 42% reduce 0%
2019-02-14 10:20:37,901 INFO  [communication thread] mapred.LocalJobRunner (LocalJobRunner.java:statusUpdate(591)) - map > map
2019-02-14 10:20:38,043 INFO  [main] mapreduce.Job (Job.java:monitorAndPrintJob(1373)) -  map 43% reduce 0%
2019-02-14 10:20:40,902 INFO  [communication thread] mapred.LocalJobRunner (LocalJobRunner.java:statusUpdate(591)) - map > map
2019-02-14 10:20:43,904 INFO  [communication thread] mapred.LocalJobRunner (LocalJobRunner.java:statusUpdate(591)) - map > map
2019-02-14 10:20:44,044 INFO  [main] mapreduce.Job (Job.java:monitorAndPrintJob(1373)) -  map 44% reduce 0%
2019-02-14 10:20:46,904 INFO  [communication thread] mapred.LocalJobRunner (LocalJobRunner.java:statusUpdate(591)) - map > map
2019-02-14 10:20:47,045 INFO  [main] mapreduce.Job (Job.java:monitorAndPrintJob(1373)) -  map 45% reduce 0%
2019-02-14 10:20:49,905 INFO  [communication thread] mapred.LocalJobRunner (LocalJobRunner.java:statusUpdate(591)) - map > map
2019-02-14 10:20:50,046 INFO  [main] mapreduce.Job (Job.java:monitorAndPrintJob(1373)) -  map 46% reduce 0%
2019-02-14 10:20:52,905 INFO  [communication thread] mapred.LocalJobRunner (LocalJobRunner.java:statusUpdate(591)) - map > map
2019-02-14 10:20:53,047 INFO  [main] mapreduce.Job (Job.java:monitorAndPrintJob(1373)) -  map 47% reduce 0%
2019-02-14 10:20:55,907 INFO  [communication thread] mapred.LocalJobRunner (LocalJobRunner.java:statusUpdate(591)) - map > map
2019-02-14 10:20:56,048 INFO  [main] mapreduce.Job (Job.java:monitorAndPrintJob(1373)) -  map 48% reduce 0%
2019-02-14 10:20:58,907 INFO  [communication thread] mapred.LocalJobRunner (LocalJobRunner.java:statusUpdate(591)) - map > map
2019-02-14 10:20:59,050 INFO  [main] mapreduce.Job (Job.java:monitorAndPrintJob(1373)) -  map 49% reduce 0%
2019-02-14 10:21:01,908 INFO  [communication thread] mapred.LocalJobRunner (LocalJobRunner.java:statusUpdate(591)) - map > map
2019-02-14 10:21:02,051 INFO  [main] mapreduce.Job (Job.java:monitorAndPrintJob(1373)) -  map 50% reduce 0%
2019-02-14 10:21:04,909 INFO  [communication thread] mapred.LocalJobRunner (LocalJobRunner.java:statusUpdate(591)) - map > map
2019-02-14 10:21:05,052 INFO  [main] mapreduce.Job (Job.java:monitorAndPrintJob(1373)) -  map 51% reduce 0%
2019-02-14 10:21:07,910 INFO  [communication thread] mapred.LocalJobRunner (LocalJobRunner.java:statusUpdate(591)) - map > map
2019-02-14 10:21:08,053 INFO  [main] mapreduce.Job (Job.java:monitorAndPrintJob(1373)) -  map 52% reduce 0%
2019-02-14 10:21:10,911 INFO  [communication thread] mapred.LocalJobRunner (LocalJobRunner.java:statusUpdate(591)) - map > map
2019-02-14 10:21:11,053 INFO  [main] mapreduce.Job (Job.java:monitorAndPrintJob(1373)) -  map 53% reduce 0%
2019-02-14 10:21:11,972 INFO  [LocalJobRunner Map Task Executor #0] mapred.LocalJobRunner (LocalJobRunner.java:statusUpdate(591)) - map > map
2019-02-14 10:21:11,973 INFO  [LocalJobRunner Map Task Executor #0] mapred.MapTask (MapTask.java:flush(1457)) - Starting flush of map output
2019-02-14 10:21:11,973 INFO  [LocalJobRunner Map Task Executor #0] mapred.MapTask (MapTask.java:flush(1475)) - Spilling map output
2019-02-14 10:21:11,973 INFO  [LocalJobRunner Map Task Executor #0] mapred.MapTask (MapTask.java:flush(1476)) - bufstart = 0; bufend = 19066144; bufvoid = 104857600
2019-02-14 10:21:11,974 INFO  [LocalJobRunner Map Task Executor #0] mapred.MapTask (MapTask.java:flush(1478)) - kvstart = 26214396(104857584); kvend = 16681328(66725312); length = 9533069/6553600
2019-02-14 10:21:13,918 INFO  [communication thread] mapred.LocalJobRunner (LocalJobRunner.java:statusUpdate(591)) - map > sort
2019-02-14 10:21:14,874 INFO  [LocalJobRunner Map Task Executor #0] mapred.MapTask (MapTask.java:sortAndSpill(1660)) - Finished spill 0
2019-02-14 10:21:14,879 INFO  [LocalJobRunner Map Task Executor #0] mapred.Task (Task.java:done(1001)) - Task:attempt_local869881237_0001_m_000002_0 is done. And is in the process of committing
2019-02-14 10:21:14,885 INFO  [LocalJobRunner Map Task Executor #0] mapred.LocalJobRunner (LocalJobRunner.java:statusUpdate(591)) - map
2019-02-14 10:21:14,885 INFO  [LocalJobRunner Map Task Executor #0] mapred.Task (Task.java:sendDone(1121)) - Task 'attempt_local869881237_0001_m_000002_0' done.
2019-02-14 10:21:14,885 INFO  [LocalJobRunner Map Task Executor #0] mapred.LocalJobRunner (LocalJobRunner.java:run(249)) - Finishing task: attempt_local869881237_0001_m_000002_0
2019-02-14 10:21:14,886 INFO  [LocalJobRunner Map Task Executor #0] mapred.LocalJobRunner (LocalJobRunner.java:run(224)) - Starting task: attempt_local869881237_0001_m_000003_0
2019-02-14 10:21:14,890 INFO  [LocalJobRunner Map Task Executor #0] mapred.Task (Task.java:initialize(587)) -  Using ResourceCalculatorProcessTree : [ ]
2019-02-14 10:21:14,891 INFO  [LocalJobRunner Map Task Executor #0] mapred.MapTask (MapTask.java:runNewMapper(753)) - Processing split: file:/home/neerja/project1/large-graph.txt:100663296+33554432
2019-02-14 10:21:14,906 INFO  [LocalJobRunner Map Task Executor #0] mapred.MapTask (MapTask.java:setEquator(1202)) - (EQUATOR) 0 kvi 26214396(104857584)
2019-02-14 10:21:14,906 INFO  [LocalJobRunner Map Task Executor #0] mapred.MapTask (MapTask.java:init(995)) - mapreduce.task.io.sort.mb: 100
2019-02-14 10:21:14,906 INFO  [LocalJobRunner Map Task Executor #0] mapred.MapTask (MapTask.java:init(996)) - soft limit at 83886080
2019-02-14 10:21:14,906 INFO  [LocalJobRunner Map Task Executor #0] mapred.MapTask (MapTask.java:init(997)) - bufstart = 0; bufvoid = 104857600
2019-02-14 10:21:14,906 INFO  [LocalJobRunner Map Task Executor #0] mapred.MapTask (MapTask.java:init(998)) - kvstart = 26214396; length = 6553600
2019-02-14 10:21:14,907 INFO  [LocalJobRunner Map Task Executor #0] mapred.MapTask (MapTask.java:createSortingCollector(402)) - Map output collector class = org.apache.hadoop.mapred.MapTask$MapOutputBuffer
2019-02-14 10:21:15,119 INFO  [main] mapreduce.Job (Job.java:monitorAndPrintJob(1373)) -  map 100% reduce 0%
2019-02-14 10:21:20,914 INFO  [communication thread] mapred.LocalJobRunner (LocalJobRunner.java:statusUpdate(591)) - map > map
2019-02-14 10:21:21,121 INFO  [main] mapreduce.Job (Job.java:monitorAndPrintJob(1373)) -  map 62% reduce 0%
2019-02-14 10:21:23,915 INFO  [communication thread] mapred.LocalJobRunner (LocalJobRunner.java:statusUpdate(591)) - map > map
2019-02-14 10:21:24,122 INFO  [main] mapreduce.Job (Job.java:monitorAndPrintJob(1373)) -  map 63% reduce 0%
2019-02-14 10:21:26,915 INFO  [communication thread] mapred.LocalJobRunner (LocalJobRunner.java:statusUpdate(591)) - map > map
2019-02-14 10:21:27,122 INFO  [main] mapreduce.Job (Job.java:monitorAndPrintJob(1373)) -  map 64% reduce 0%
2019-02-14 10:21:29,916 INFO  [communication thread] mapred.LocalJobRunner (LocalJobRunner.java:statusUpdate(591)) - map > map
2019-02-14 10:21:30,123 INFO  [main] mapreduce.Job (Job.java:monitorAndPrintJob(1373)) -  map 65% reduce 0%
2019-02-14 10:21:32,916 INFO  [communication thread] mapred.LocalJobRunner (LocalJobRunner.java:statusUpdate(591)) - map > map
2019-02-14 10:21:33,124 INFO  [main] mapreduce.Job (Job.java:monitorAndPrintJob(1373)) -  map 66% reduce 0%
2019-02-14 10:21:35,917 INFO  [communication thread] mapred.LocalJobRunner (LocalJobRunner.java:statusUpdate(591)) - map > map
2019-02-14 10:21:36,125 INFO  [main] mapreduce.Job (Job.java:monitorAndPrintJob(1373)) -  map 67% reduce 0%
2019-02-14 10:21:38,917 INFO  [communication thread] mapred.LocalJobRunner (LocalJobRunner.java:statusUpdate(591)) - map > map
2019-02-14 10:21:41,918 INFO  [communication thread] mapred.LocalJobRunner (LocalJobRunner.java:statusUpdate(591)) - map > map
2019-02-14 10:21:42,126 INFO  [main] mapreduce.Job (Job.java:monitorAndPrintJob(1373)) -  map 68% reduce 0%
2019-02-14 10:21:44,919 INFO  [communication thread] mapred.LocalJobRunner (LocalJobRunner.java:statusUpdate(591)) - map > map
2019-02-14 10:21:45,127 INFO  [main] mapreduce.Job (Job.java:monitorAndPrintJob(1373)) -  map 69% reduce 0%
2019-02-14 10:21:47,919 INFO  [communication thread] mapred.LocalJobRunner (LocalJobRunner.java:statusUpdate(591)) - map > map
2019-02-14 10:21:48,128 INFO  [main] mapreduce.Job (Job.java:monitorAndPrintJob(1373)) -  map 70% reduce 0%
2019-02-14 10:21:50,920 INFO  [communication thread] mapred.LocalJobRunner (LocalJobRunner.java:statusUpdate(591)) - map > map
2019-02-14 10:21:51,129 INFO  [main] mapreduce.Job (Job.java:monitorAndPrintJob(1373)) -  map 71% reduce 0%
2019-02-14 10:21:53,920 INFO  [communication thread] mapred.LocalJobRunner (LocalJobRunner.java:statusUpdate(591)) - map > map
2019-02-14 10:21:54,130 INFO  [main] mapreduce.Job (Job.java:monitorAndPrintJob(1373)) -  map 72% reduce 0%
2019-02-14 10:21:56,921 INFO  [communication thread] mapred.LocalJobRunner (LocalJobRunner.java:statusUpdate(591)) - map > map
2019-02-14 10:21:57,130 INFO  [main] mapreduce.Job (Job.java:monitorAndPrintJob(1373)) -  map 73% reduce 0%
2019-02-14 10:21:57,729 INFO  [LocalJobRunner Map Task Executor #0] mapred.LocalJobRunner (LocalJobRunner.java:statusUpdate(591)) - map > map
2019-02-14 10:21:57,730 INFO  [LocalJobRunner Map Task Executor #0] mapred.MapTask (MapTask.java:flush(1457)) - Starting flush of map output
2019-02-14 10:21:57,730 INFO  [LocalJobRunner Map Task Executor #0] mapred.MapTask (MapTask.java:flush(1475)) - Spilling map output
2019-02-14 10:21:57,730 INFO  [LocalJobRunner Map Task Executor #0] mapred.MapTask (MapTask.java:flush(1476)) - bufstart = 0; bufend = 19065936; bufvoid = 104857600
2019-02-14 10:21:57,731 INFO  [LocalJobRunner Map Task Executor #0] mapred.MapTask (MapTask.java:flush(1478)) - kvstart = 26214396(104857584); kvend = 16681432(66725728); length = 9532965/6553600
2019-02-14 10:21:59,928 INFO  [communication thread] mapred.LocalJobRunner (LocalJobRunner.java:statusUpdate(591)) - map > sort
2019-02-14 10:22:01,104 INFO  [LocalJobRunner Map Task Executor #0] mapred.MapTask (MapTask.java:sortAndSpill(1660)) - Finished spill 0
2019-02-14 10:22:01,105 INFO  [LocalJobRunner Map Task Executor #0] mapred.Task (Task.java:done(1001)) - Task:attempt_local869881237_0001_m_000003_0 is done. And is in the process of committing
2019-02-14 10:22:01,110 INFO  [LocalJobRunner Map Task Executor #0] mapred.LocalJobRunner (LocalJobRunner.java:statusUpdate(591)) - map
2019-02-14 10:22:01,110 INFO  [LocalJobRunner Map Task Executor #0] mapred.Task (Task.java:sendDone(1121)) - Task 'attempt_local869881237_0001_m_000003_0' done.
2019-02-14 10:22:01,110 INFO  [LocalJobRunner Map Task Executor #0] mapred.LocalJobRunner (LocalJobRunner.java:run(249)) - Finishing task: attempt_local869881237_0001_m_000003_0
2019-02-14 10:22:01,110 INFO  [LocalJobRunner Map Task Executor #0] mapred.LocalJobRunner (LocalJobRunner.java:run(224)) - Starting task: attempt_local869881237_0001_m_000004_0
2019-02-14 10:22:01,111 INFO  [LocalJobRunner Map Task Executor #0] mapred.Task (Task.java:initialize(587)) -  Using ResourceCalculatorProcessTree : [ ]
2019-02-14 10:22:01,112 INFO  [LocalJobRunner Map Task Executor #0] mapred.MapTask (MapTask.java:runNewMapper(753)) - Processing split: file:/home/neerja/project1/large-graph.txt:134217728+6574126
2019-02-14 10:22:01,124 INFO  [LocalJobRunner Map Task Executor #0] mapred.MapTask (MapTask.java:setEquator(1202)) - (EQUATOR) 0 kvi 26214396(104857584)
2019-02-14 10:22:01,124 INFO  [LocalJobRunner Map Task Executor #0] mapred.MapTask (MapTask.java:init(995)) - mapreduce.task.io.sort.mb: 100
2019-02-14 10:22:01,124 INFO  [LocalJobRunner Map Task Executor #0] mapred.MapTask (MapTask.java:init(996)) - soft limit at 83886080
2019-02-14 10:22:01,124 INFO  [LocalJobRunner Map Task Executor #0] mapred.MapTask (MapTask.java:init(997)) - bufstart = 0; bufvoid = 104857600
2019-02-14 10:22:01,124 INFO  [LocalJobRunner Map Task Executor #0] mapred.MapTask (MapTask.java:init(998)) - kvstart = 26214396; length = 6553600
2019-02-14 10:22:01,125 INFO  [LocalJobRunner Map Task Executor #0] mapred.MapTask (MapTask.java:createSortingCollector(402)) - Map output collector class = org.apache.hadoop.mapred.MapTask$MapOutputBuffer
2019-02-14 10:22:01,131 INFO  [main] mapreduce.Job (Job.java:monitorAndPrintJob(1373)) -  map 100% reduce 0%
2019-02-14 10:22:07,126 INFO  [communication thread] mapred.LocalJobRunner (LocalJobRunner.java:statusUpdate(591)) - map > map
2019-02-14 10:22:07,133 INFO  [main] mapreduce.Job (Job.java:monitorAndPrintJob(1373)) -  map 88% reduce 0%
2019-02-14 10:22:10,127 INFO  [communication thread] mapred.LocalJobRunner (LocalJobRunner.java:statusUpdate(591)) - map > map
2019-02-14 10:22:10,134 INFO  [main] mapreduce.Job (Job.java:monitorAndPrintJob(1373)) -  map 93% reduce 0%
2019-02-14 10:22:10,205 INFO  [LocalJobRunner Map Task Executor #0] mapred.LocalJobRunner (LocalJobRunner.java:statusUpdate(591)) - map > map
2019-02-14 10:22:10,210 INFO  [LocalJobRunner Map Task Executor #0] mapred.MapTask (MapTask.java:flush(1457)) - Starting flush of map output
2019-02-14 10:22:10,210 INFO  [LocalJobRunner Map Task Executor #0] mapred.MapTask (MapTask.java:flush(1475)) - Spilling map output
2019-02-14 10:22:10,210 INFO  [LocalJobRunner Map Task Executor #0] mapred.MapTask (MapTask.java:flush(1476)) - bufstart = 0; bufend = 3735600; bufvoid = 104857600
2019-02-14 10:22:10,211 INFO  [LocalJobRunner Map Task Executor #0] mapred.MapTask (MapTask.java:flush(1478)) - kvstart = 26214396(104857584); kvend = 24346600(97386400); length = 1867797/6553600
2019-02-14 10:22:10,735 INFO  [LocalJobRunner Map Task Executor #0] mapred.MapTask (MapTask.java:sortAndSpill(1660)) - Finished spill 0
2019-02-14 10:22:10,746 INFO  [LocalJobRunner Map Task Executor #0] mapred.Task (Task.java:done(1001)) - Task:attempt_local869881237_0001_m_000004_0 is done. And is in the process of committing
2019-02-14 10:22:10,748 INFO  [LocalJobRunner Map Task Executor #0] mapred.LocalJobRunner (LocalJobRunner.java:statusUpdate(591)) - map
2019-02-14 10:22:10,748 INFO  [LocalJobRunner Map Task Executor #0] mapred.Task (Task.java:sendDone(1121)) - Task 'attempt_local869881237_0001_m_000004_0' done.
2019-02-14 10:22:10,748 INFO  [LocalJobRunner Map Task Executor #0] mapred.LocalJobRunner (LocalJobRunner.java:run(249)) - Finishing task: attempt_local869881237_0001_m_000004_0
2019-02-14 10:22:10,748 INFO  [Thread-13] mapred.LocalJobRunner (LocalJobRunner.java:runTasks(456)) - map task executor complete.
2019-02-14 10:22:10,754 INFO  [Thread-13] mapred.LocalJobRunner (LocalJobRunner.java:runTasks(448)) - Waiting for reduce tasks
2019-02-14 10:22:10,755 INFO  [pool-3-thread-1] mapred.LocalJobRunner (LocalJobRunner.java:run(302)) - Starting task: attempt_local869881237_0001_r_000000_0
2019-02-14 10:22:10,761 INFO  [pool-3-thread-1] mapred.Task (Task.java:initialize(587)) -  Using ResourceCalculatorProcessTree : [ ]
2019-02-14 10:22:10,763 INFO  [pool-3-thread-1] mapred.ReduceTask (ReduceTask.java:run(362)) - Using ShuffleConsumerPlugin: org.apache.hadoop.mapreduce.task.reduce.Shuffle@53cfc6bb
2019-02-14 10:22:10,779 INFO  [pool-3-thread-1] reduce.MergeManagerImpl (MergeManagerImpl.java:<init>(196)) - MergerManager: memoryLimit=652528832, maxSingleShuffleLimit=163132208, mergeThreshold=430669056, ioSortFactor=10, memToMemMergeOutputsThreshold=10
2019-02-14 10:22:10,793 INFO  [EventFetcher for fetching Map Completion Events] reduce.EventFetcher (EventFetcher.java:run(61)) - attempt_local869881237_0001_r_000000_0 Thread started: EventFetcher for fetching Map Completion Events
2019-02-14 10:22:10,892 INFO  [localfetcher#1] reduce.LocalFetcher (LocalFetcher.java:copyMapOutput(141)) - localfetcher#1 about to shuffle output of map attempt_local869881237_0001_m_000000_0 decomp: 23832982 len: 23832986 to MEMORY
2019-02-14 10:22:10,921 INFO  [localfetcher#1] reduce.InMemoryMapOutput (InMemoryMapOutput.java:shuffle(100)) - Read 23832982 bytes from map-output for attempt_local869881237_0001_m_000000_0
2019-02-14 10:22:10,958 INFO  [localfetcher#1] reduce.MergeManagerImpl (MergeManagerImpl.java:closeInMemoryFile(314)) - closeInMemoryFile -> map-output of size: 23832982, inMemoryMapOutputs.size() -> 1, commitMemory -> 0, usedMemory ->23832982
2019-02-14 10:22:10,962 INFO  [localfetcher#1] reduce.LocalFetcher (LocalFetcher.java:copyMapOutput(141)) - localfetcher#1 about to shuffle output of map attempt_local869881237_0001_m_000003_0 decomp: 23832422 len: 23832426 to MEMORY
2019-02-14 10:22:10,979 INFO  [localfetcher#1] reduce.InMemoryMapOutput (InMemoryMapOutput.java:shuffle(100)) - Read 23832422 bytes from map-output for attempt_local869881237_0001_m_000003_0
2019-02-14 10:22:10,979 INFO  [localfetcher#1] reduce.MergeManagerImpl (MergeManagerImpl.java:closeInMemoryFile(314)) - closeInMemoryFile -> map-output of size: 23832422, inMemoryMapOutputs.size() -> 2, commitMemory -> 23832982, usedMemory ->47665404
2019-02-14 10:22:10,984 INFO  [localfetcher#1] reduce.LocalFetcher (LocalFetcher.java:copyMapOutput(141)) - localfetcher#1 about to shuffle output of map attempt_local869881237_0001_m_000001_0 decomp: 23832422 len: 23832426 to MEMORY
2019-02-14 10:22:11,002 INFO  [localfetcher#1] reduce.InMemoryMapOutput (InMemoryMapOutput.java:shuffle(100)) - Read 23832422 bytes from map-output for attempt_local869881237_0001_m_000001_0
2019-02-14 10:22:11,002 INFO  [localfetcher#1] reduce.MergeManagerImpl (MergeManagerImpl.java:closeInMemoryFile(314)) - closeInMemoryFile -> map-output of size: 23832422, inMemoryMapOutputs.size() -> 3, commitMemory -> 47665404, usedMemory ->71497826
2019-02-14 10:22:11,003 INFO  [localfetcher#1] reduce.LocalFetcher (LocalFetcher.java:copyMapOutput(141)) - localfetcher#1 about to shuffle output of map attempt_local869881237_0001_m_000004_0 decomp: 4669502 len: 4669506 to MEMORY
2019-02-14 10:22:11,007 INFO  [localfetcher#1] reduce.InMemoryMapOutput (InMemoryMapOutput.java:shuffle(100)) - Read 4669502 bytes from map-output for attempt_local869881237_0001_m_000004_0
2019-02-14 10:22:11,007 INFO  [localfetcher#1] reduce.MergeManagerImpl (MergeManagerImpl.java:closeInMemoryFile(314)) - closeInMemoryFile -> map-output of size: 4669502, inMemoryMapOutputs.size() -> 4, commitMemory -> 71497826, usedMemory ->76167328
2019-02-14 10:22:11,011 INFO  [localfetcher#1] reduce.LocalFetcher (LocalFetcher.java:copyMapOutput(141)) - localfetcher#1 about to shuffle output of map attempt_local869881237_0001_m_000002_0 decomp: 23832682 len: 23832686 to MEMORY
2019-02-14 10:22:11,028 INFO  [localfetcher#1] reduce.InMemoryMapOutput (InMemoryMapOutput.java:shuffle(100)) - Read 23832682 bytes from map-output for attempt_local869881237_0001_m_000002_0
2019-02-14 10:22:11,028 INFO  [localfetcher#1] reduce.MergeManagerImpl (MergeManagerImpl.java:closeInMemoryFile(314)) - closeInMemoryFile -> map-output of size: 23832682, inMemoryMapOutputs.size() -> 5, commitMemory -> 76167328, usedMemory ->100000010
2019-02-14 10:22:11,028 INFO  [EventFetcher for fetching Map Completion Events] reduce.EventFetcher (EventFetcher.java:run(76)) - EventFetcher is interrupted.. Returning
2019-02-14 10:22:11,029 INFO  [pool-3-thread-1] mapred.LocalJobRunner (LocalJobRunner.java:statusUpdate(591)) - 5 / 5 copied.
2019-02-14 10:22:11,029 INFO  [pool-3-thread-1] reduce.MergeManagerImpl (MergeManagerImpl.java:finalMerge(674)) - finalMerge called with 5 in-memory map-outputs and 0 on-disk map-outputs
2019-02-14 10:22:11,036 INFO  [pool-3-thread-1] mapred.Merger (Merger.java:merge(597)) - Merging 5 sorted segments
2019-02-14 10:22:11,036 INFO  [pool-3-thread-1] mapred.Merger (Merger.java:merge(696)) - Down to the last merge-pass, with 5 segments left of total size: 99999980 bytes
2019-02-14 10:22:11,134 INFO  [main] mapreduce.Job (Job.java:monitorAndPrintJob(1373)) -  map 100% reduce 0%
2019-02-14 10:22:13,724 INFO  [pool-3-thread-1] reduce.MergeManagerImpl (MergeManagerImpl.java:finalMerge(751)) - Merged 5 segments, 100000010 bytes to disk to satisfy reduce memory limit
2019-02-14 10:22:13,724 INFO  [pool-3-thread-1] reduce.MergeManagerImpl (MergeManagerImpl.java:finalMerge(781)) - Merging 1 files, 100000006 bytes from disk
2019-02-14 10:22:13,725 INFO  [pool-3-thread-1] reduce.MergeManagerImpl (MergeManagerImpl.java:finalMerge(796)) - Merging 0 segments, 0 bytes from memory into reduce
2019-02-14 10:22:13,725 INFO  [pool-3-thread-1] mapred.Merger (Merger.java:merge(597)) - Merging 1 sorted segments
2019-02-14 10:22:13,726 INFO  [pool-3-thread-1] mapred.Merger (Merger.java:merge(696)) - Down to the last merge-pass, with 1 segments left of total size: 99999996 bytes
2019-02-14 10:22:13,735 INFO  [pool-3-thread-1] mapred.LocalJobRunner (LocalJobRunner.java:statusUpdate(591)) - 5 / 5 copied.
2019-02-14 10:22:13,773 INFO  [pool-3-thread-1] Configuration.deprecation (Configuration.java:warnOnceIfDeprecated(1049)) - mapred.skip.on is deprecated. Instead, use mapreduce.job.skiprecords
2019-02-14 10:22:16,779 INFO  [communication thread] mapred.LocalJobRunner (LocalJobRunner.java:statusUpdate(591)) - reduce > reduce
2019-02-14 10:22:17,135 INFO  [main] mapreduce.Job (Job.java:monitorAndPrintJob(1373)) -  map 100% reduce 85%
2019-02-14 10:22:18,244 INFO  [pool-3-thread-1] mapred.Task (Task.java:done(1001)) - Task:attempt_local869881237_0001_r_000000_0 is done. And is in the process of committing
2019-02-14 10:22:18,247 INFO  [pool-3-thread-1] mapred.LocalJobRunner (LocalJobRunner.java:statusUpdate(591)) - reduce > reduce
2019-02-14 10:22:18,256 INFO  [pool-3-thread-1] mapred.Task (Task.java:commit(1162)) - Task attempt_local869881237_0001_r_000000_0 is allowed to commit now
2019-02-14 10:22:18,258 INFO  [pool-3-thread-1] output.FileOutputCommitter (FileOutputCommitter.java:commitTask(439)) - Saved output of task 'attempt_local869881237_0001_r_000000_0' to file:/home/neerja/project1/temp/_temporary/0/task_local869881237_0001_r_000000
2019-02-14 10:22:18,258 INFO  [pool-3-thread-1] mapred.LocalJobRunner (LocalJobRunner.java:statusUpdate(591)) - reduce > reduce
2019-02-14 10:22:18,258 INFO  [pool-3-thread-1] mapred.Task (Task.java:sendDone(1121)) - Task 'attempt_local869881237_0001_r_000000_0' done.
2019-02-14 10:22:18,258 INFO  [pool-3-thread-1] mapred.LocalJobRunner (LocalJobRunner.java:run(325)) - Finishing task: attempt_local869881237_0001_r_000000_0
2019-02-14 10:22:18,259 INFO  [Thread-13] mapred.LocalJobRunner (LocalJobRunner.java:runTasks(456)) - reduce task executor complete.
2019-02-14 10:22:19,136 INFO  [main] mapreduce.Job (Job.java:monitorAndPrintJob(1373)) -  map 100% reduce 100%
2019-02-14 10:22:19,136 INFO  [main] mapreduce.Job (Job.java:monitorAndPrintJob(1384)) - Job job_local869881237_0001 completed successfully
2019-02-14 10:22:19,165 INFO  [main] mapreduce.Job (Job.java:monitorAndPrintJob(1391)) - Counters: 33
	File System Counters
		FILE: Number of bytes read=817241486
		FILE: Number of bytes written=548336872
		FILE: Number of read operations=0
		FILE: Number of large read operations=0
		FILE: Number of write operations=0
	Map-Reduce Framework
		Map input records=10000000
		Map output records=10000000
		Map output bytes=80000000
		Map output materialized bytes=100000030
		Input split bytes=535
		Combine input records=0
		Combine output records=0
		Reduce input groups=519797
		Reduce shuffle bytes=100000030
		Reduce input records=10000000
		Reduce output records=519797
		Spilled Records=20000000
		Shuffled Maps =5
		Failed Shuffles=0
		Merged Map outputs=5
		GC time elapsed (ms)=9292
		CPU time spent (ms)=0
		Physical memory (bytes) snapshot=0
		Virtual memory (bytes) snapshot=0
		Total committed heap usage (bytes)=5362417664
	Shuffle Errors
		BAD_ID=0
		CONNECTION=0
		IO_ERROR=0
		WRONG_LENGTH=0
		WRONG_MAP=0
		WRONG_REDUCE=0
	File Input Format Counters
		Bytes Read=140808238
	File Output Format Counters
		Bytes Written=8465640
2019-02-14 10:22:19,260 INFO  [main] jvm.JvmMetrics (JvmMetrics.java:init(71)) - Cannot initialize JVM Metrics with processName=JobTracker, sessionId= - already initialized
2019-02-14 10:22:19,290 WARN  [main] mapreduce.JobSubmitter (JobSubmitter.java:copyAndConfigureFiles(153)) - Hadoop command-line option parsing not performed. Implement the Tool interface and execute your application with ToolRunner to remedy this.
2019-02-14 10:22:19,393 INFO  [main] input.FileInputFormat (FileInputFormat.java:listStatus(281)) - Total input paths to process : 1
2019-02-14 10:22:19,429 INFO  [main] mapreduce.JobSubmitter (JobSubmitter.java:submitJobInternal(494)) - number of splits:1
2019-02-14 10:22:19,458 INFO  [main] mapreduce.JobSubmitter (JobSubmitter.java:printTokens(583)) - Submitting tokens for job: job_local813565338_0002
2019-02-14 10:22:19,595 INFO  [main] mapreduce.Job (Job.java:submit(1300)) - The url to track the job: http://localhost:8080/
2019-02-14 10:22:19,595 INFO  [main] mapreduce.Job (Job.java:monitorAndPrintJob(1345)) - Running job: job_local813565338_0002
2019-02-14 10:22:19,596 INFO  [Thread-41] mapred.LocalJobRunner (LocalJobRunner.java:createOutputCommitter(471)) - OutputCommitter set in config null
2019-02-14 10:22:19,597 INFO  [Thread-41] mapred.LocalJobRunner (LocalJobRunner.java:createOutputCommitter(489)) - OutputCommitter is org.apache.hadoop.mapreduce.lib.output.FileOutputCommitter
2019-02-14 10:22:19,613 INFO  [Thread-41] mapred.LocalJobRunner (LocalJobRunner.java:runTasks(448)) - Waiting for map tasks
2019-02-14 10:22:19,613 INFO  [LocalJobRunner Map Task Executor #0] mapred.LocalJobRunner (LocalJobRunner.java:run(224)) - Starting task: attempt_local813565338_0002_m_000000_0
2019-02-14 10:22:19,624 INFO  [LocalJobRunner Map Task Executor #0] mapred.Task (Task.java:initialize(587)) -  Using ResourceCalculatorProcessTree : [ ]
2019-02-14 10:22:19,625 INFO  [LocalJobRunner Map Task Executor #0] mapred.MapTask (MapTask.java:runNewMapper(753)) - Processing split: file:/home/neerja/project1/temp/part-r-00000:0+8400004
2019-02-14 10:22:19,637 INFO  [LocalJobRunner Map Task Executor #0] mapred.MapTask (MapTask.java:setEquator(1202)) - (EQUATOR) 0 kvi 26214396(104857584)
2019-02-14 10:22:19,638 INFO  [LocalJobRunner Map Task Executor #0] mapred.MapTask (MapTask.java:init(995)) - mapreduce.task.io.sort.mb: 100
2019-02-14 10:22:19,638 INFO  [LocalJobRunner Map Task Executor #0] mapred.MapTask (MapTask.java:init(996)) - soft limit at 83886080
2019-02-14 10:22:19,638 INFO  [LocalJobRunner Map Task Executor #0] mapred.MapTask (MapTask.java:init(997)) - bufstart = 0; bufvoid = 104857600
2019-02-14 10:22:19,638 INFO  [LocalJobRunner Map Task Executor #0] mapred.MapTask (MapTask.java:init(998)) - kvstart = 26214396; length = 6553600
2019-02-14 10:22:19,648 INFO  [LocalJobRunner Map Task Executor #0] mapred.MapTask (MapTask.java:createSortingCollector(402)) - Map output collector class = org.apache.hadoop.mapred.MapTask$MapOutputBuffer
2019-02-14 10:22:20,595 INFO  [main] mapreduce.Job (Job.java:monitorAndPrintJob(1366)) - Job job_local813565338_0002 running in uber mode : false
2019-02-14 10:22:20,595 INFO  [main] mapreduce.Job (Job.java:monitorAndPrintJob(1373)) -  map 0% reduce 0%
2019-02-14 10:22:25,640 INFO  [communication thread] mapred.LocalJobRunner (LocalJobRunner.java:statusUpdate(591)) - map > map
2019-02-14 10:22:26,597 INFO  [main] mapreduce.Job (Job.java:monitorAndPrintJob(1373)) -  map 38% reduce 0%
2019-02-14 10:22:28,642 INFO  [communication thread] mapred.LocalJobRunner (LocalJobRunner.java:statusUpdate(591)) - map > map
2019-02-14 10:22:29,450 INFO  [LocalJobRunner Map Task Executor #0] mapred.LocalJobRunner (LocalJobRunner.java:statusUpdate(591)) - map > map
2019-02-14 10:22:29,452 INFO  [LocalJobRunner Map Task Executor #0] mapred.MapTask (MapTask.java:flush(1457)) - Starting flush of map output
2019-02-14 10:22:29,452 INFO  [LocalJobRunner Map Task Executor #0] mapred.MapTask (MapTask.java:flush(1475)) - Spilling map output
2019-02-14 10:22:29,452 INFO  [LocalJobRunner Map Task Executor #0] mapred.MapTask (MapTask.java:flush(1476)) - bufstart = 0; bufend = 4158376; bufvoid = 104857600
2019-02-14 10:22:29,452 INFO  [LocalJobRunner Map Task Executor #0] mapred.MapTask (MapTask.java:flush(1478)) - kvstart = 26214396(104857584); kvend = 24135212(96540848); length = 2079185/6553600
2019-02-14 10:22:29,597 INFO  [main] mapreduce.Job (Job.java:monitorAndPrintJob(1373)) -  map 61% reduce 0%
2019-02-14 10:22:29,701 INFO  [LocalJobRunner Map Task Executor #0] mapred.MapTask (MapTask.java:sortAndSpill(1660)) - Finished spill 0
2019-02-14 10:22:29,710 INFO  [LocalJobRunner Map Task Executor #0] mapred.Task (Task.java:done(1001)) - Task:attempt_local813565338_0002_m_000000_0 is done. And is in the process of committing
2019-02-14 10:22:29,712 INFO  [LocalJobRunner Map Task Executor #0] mapred.LocalJobRunner (LocalJobRunner.java:statusUpdate(591)) - map
2019-02-14 10:22:29,712 INFO  [LocalJobRunner Map Task Executor #0] mapred.Task (Task.java:sendDone(1121)) - Task 'attempt_local813565338_0002_m_000000_0' done.
2019-02-14 10:22:29,712 INFO  [LocalJobRunner Map Task Executor #0] mapred.LocalJobRunner (LocalJobRunner.java:run(249)) - Finishing task: attempt_local813565338_0002_m_000000_0
2019-02-14 10:22:29,713 INFO  [Thread-41] mapred.LocalJobRunner (LocalJobRunner.java:runTasks(456)) - map task executor complete.
2019-02-14 10:22:29,713 INFO  [Thread-41] mapred.LocalJobRunner (LocalJobRunner.java:runTasks(448)) - Waiting for reduce tasks
2019-02-14 10:22:29,719 INFO  [pool-6-thread-1] mapred.LocalJobRunner (LocalJobRunner.java:run(302)) - Starting task: attempt_local813565338_0002_r_000000_0
2019-02-14 10:22:29,720 INFO  [pool-6-thread-1] mapred.Task (Task.java:initialize(587)) -  Using ResourceCalculatorProcessTree : [ ]
2019-02-14 10:22:29,720 INFO  [pool-6-thread-1] mapred.ReduceTask (ReduceTask.java:run(362)) - Using ShuffleConsumerPlugin: org.apache.hadoop.mapreduce.task.reduce.Shuffle@3e9643f7
2019-02-14 10:22:29,727 INFO  [pool-6-thread-1] reduce.MergeManagerImpl (MergeManagerImpl.java:<init>(196)) - MergerManager: memoryLimit=652528832, maxSingleShuffleLimit=163132208, mergeThreshold=430669056, ioSortFactor=10, memToMemMergeOutputsThreshold=10
2019-02-14 10:22:29,736 INFO  [EventFetcher for fetching Map Completion Events] reduce.EventFetcher (EventFetcher.java:run(61)) - attempt_local813565338_0002_r_000000_0 Thread started: EventFetcher for fetching Map Completion Events
2019-02-14 10:22:29,744 INFO  [localfetcher#2] reduce.LocalFetcher (LocalFetcher.java:copyMapOutput(141)) - localfetcher#2 about to shuffle output of map attempt_local813565338_0002_m_000000_0 decomp: 5197972 len: 5197976 to MEMORY
2019-02-14 10:22:29,749 INFO  [localfetcher#2] reduce.InMemoryMapOutput (InMemoryMapOutput.java:shuffle(100)) - Read 5197972 bytes from map-output for attempt_local813565338_0002_m_000000_0
2019-02-14 10:22:29,749 INFO  [localfetcher#2] reduce.MergeManagerImpl (MergeManagerImpl.java:closeInMemoryFile(314)) - closeInMemoryFile -> map-output of size: 5197972, inMemoryMapOutputs.size() -> 1, commitMemory -> 0, usedMemory ->5197972
2019-02-14 10:22:29,749 INFO  [EventFetcher for fetching Map Completion Events] reduce.EventFetcher (EventFetcher.java:run(76)) - EventFetcher is interrupted.. Returning
2019-02-14 10:22:29,749 INFO  [pool-6-thread-1] mapred.LocalJobRunner (LocalJobRunner.java:statusUpdate(591)) - 1 / 1 copied.
2019-02-14 10:22:29,750 INFO  [pool-6-thread-1] reduce.MergeManagerImpl (MergeManagerImpl.java:finalMerge(674)) - finalMerge called with 1 in-memory map-outputs and 0 on-disk map-outputs
2019-02-14 10:22:29,750 INFO  [pool-6-thread-1] mapred.Merger (Merger.java:merge(597)) - Merging 1 sorted segments
2019-02-14 10:22:29,753 INFO  [pool-6-thread-1] mapred.Merger (Merger.java:merge(696)) - Down to the last merge-pass, with 1 segments left of total size: 5197966 bytes
2019-02-14 10:22:29,958 INFO  [pool-6-thread-1] reduce.MergeManagerImpl (MergeManagerImpl.java:finalMerge(751)) - Merged 1 segments, 5197972 bytes to disk to satisfy reduce memory limit
2019-02-14 10:22:29,958 INFO  [pool-6-thread-1] reduce.MergeManagerImpl (MergeManagerImpl.java:finalMerge(781)) - Merging 1 files, 5197976 bytes from disk
2019-02-14 10:22:29,958 INFO  [pool-6-thread-1] reduce.MergeManagerImpl (MergeManagerImpl.java:finalMerge(796)) - Merging 0 segments, 0 bytes from memory into reduce
2019-02-14 10:22:29,958 INFO  [pool-6-thread-1] mapred.Merger (Merger.java:merge(597)) - Merging 1 sorted segments
2019-02-14 10:22:29,963 INFO  [pool-6-thread-1] mapred.Merger (Merger.java:merge(696)) - Down to the last merge-pass, with 1 segments left of total size: 5197966 bytes
2019-02-14 10:22:29,963 INFO  [pool-6-thread-1] mapred.LocalJobRunner (LocalJobRunner.java:statusUpdate(591)) - 1 / 1 copied.
2019-02-14 10:22:30,179 INFO  [pool-6-thread-1] mapred.Task (Task.java:done(1001)) - Task:attempt_local813565338_0002_r_000000_0 is done. And is in the process of committing
2019-02-14 10:22:30,180 INFO  [pool-6-thread-1] mapred.LocalJobRunner (LocalJobRunner.java:statusUpdate(591)) - 1 / 1 copied.
2019-02-14 10:22:30,181 INFO  [pool-6-thread-1] mapred.Task (Task.java:commit(1162)) - Task attempt_local813565338_0002_r_000000_0 is allowed to commit now
2019-02-14 10:22:30,182 INFO  [pool-6-thread-1] output.FileOutputCommitter (FileOutputCommitter.java:commitTask(439)) - Saved output of task 'attempt_local813565338_0002_r_000000_0' to file:/home/neerja/project1/output/_temporary/0/task_local813565338_0002_r_000000
2019-02-14 10:22:30,182 INFO  [pool-6-thread-1] mapred.LocalJobRunner (LocalJobRunner.java:statusUpdate(591)) - reduce > reduce
2019-02-14 10:22:30,182 INFO  [pool-6-thread-1] mapred.Task (Task.java:sendDone(1121)) - Task 'attempt_local813565338_0002_r_000000_0' done.
2019-02-14 10:22:30,182 INFO  [pool-6-thread-1] mapred.LocalJobRunner (LocalJobRunner.java:run(325)) - Finishing task: attempt_local813565338_0002_r_000000_0
2019-02-14 10:22:30,183 INFO  [Thread-41] mapred.LocalJobRunner (LocalJobRunner.java:runTasks(456)) - reduce task executor complete.
2019-02-14 10:22:30,598 INFO  [main] mapreduce.Job (Job.java:monitorAndPrintJob(1373)) -  map 100% reduce 100%
2019-02-14 10:22:30,598 INFO  [main] mapreduce.Job (Job.java:monitorAndPrintJob(1384)) - Job job_local813565338_0002 completed successfully
2019-02-14 10:22:30,603 INFO  [main] mapreduce.Job (Job.java:monitorAndPrintJob(1391)) - Counters: 33
	File System Counters
		FILE: Number of bytes read=708968738
		FILE: Number of bytes written=433555751
		FILE: Number of read operations=0
		FILE: Number of large read operations=0
		FILE: Number of write operations=0
	Map-Reduce Framework
		Map input records=519797
		Map output records=519797
		Map output bytes=4158376
		Map output materialized bytes=5197976
		Input split bytes=109
		Combine input records=0
		Combine output records=0
		Reduce input groups=291
		Reduce shuffle bytes=5197976
		Reduce input records=519797
		Reduce output records=291
		Spilled Records=1039594
		Shuffled Maps =1
		Failed Shuffles=0
		Merged Map outputs=1
		GC time elapsed (ms)=460
		CPU time spent (ms)=0
		Physical memory (bytes) snapshot=0
		Virtual memory (bytes) snapshot=0
		Total committed heap usage (bytes)=1652555776
	Shuffle Errors
		BAD_ID=0
		CONNECTION=0
		IO_ERROR=0
		WRONG_LENGTH=0
		WRONG_MAP=0
		WRONG_REDUCE=0
	File Input Format Counters
		Bytes Read=8465640
	File Output Format Counters
		Bytes Written=2041
